<?xml version="1.0" encoding="UTF-8"?>
<testng-results ignored="0" total="4" passed="4" failed="0" skipped="0">
  <reporter-output>
  </reporter-output>
  <suite started-at="2023-01-24T12:57:53 IST" name="Default suite" finished-at="2023-01-24T12:58:47 IST" duration-ms="54604">
    <groups>
      <group name="cucumber">
        <method signature="AbstractTestNGCucumberTests.runScenario(io.cucumber.testng.PickleWrapper,io.cucumber.testng.FeatureWrapper)[pri:0, instance:com.runnerClass.TestNGRunnerTest@75d4a5c2]" name="runScenario" class="io.cucumber.testng.AbstractTestNGCucumberTests"/>
      </group> <!-- cucumber -->
    </groups>
    <test started-at="2023-01-24T12:57:53 IST" name="Default test" finished-at="2023-01-24T12:58:47 IST" duration-ms="54604">
      <class name="com.runnerClass.TestNGRunnerTest">
        <test-method is-config="true" signature="setUpClass(org.testng.ITestContext)[pri:0, instance:com.runnerClass.TestNGRunnerTest@75d4a5c2]" started-at="2023-01-24T12:57:53 IST" name="setUpClass" finished-at="2023-01-24T12:57:54 IST" duration-ms="730" status="PASS">
          <params>
            <param index="0">
              <value>
                <![CDATA[org.testng.TestRunner@445058e8]]>
              </value>
            </param>
          </params>
          <reporter-output>
          </reporter-output>
        </test-method> <!-- setUpClass -->
        <test-method is-config="true" signature="beforeClass()[pri:0, instance:com.runnerClass.TestNGRunnerTest@75d4a5c2]" started-at="2023-01-24T12:57:54 IST" name="beforeClass" finished-at="2023-01-24T12:57:54 IST" duration-ms="2" status="PASS">
          <reporter-output>
          </reporter-output>
        </test-method> <!-- beforeClass -->
        <test-method signature="runScenario(io.cucumber.testng.PickleWrapper,io.cucumber.testng.FeatureWrapper)[pri:0, instance:com.runnerClass.TestNGRunnerTest@75d4a5c2]" started-at="2023-01-24T12:57:54 IST" name="runScenario" description="Runs Cucumber Scenarios" data-provider="scenarios" finished-at="2023-01-24T12:58:05 IST" duration-ms="11731" status="PASS">
          <params>
            <param index="0">
              <value>
                <![CDATA["Create an account"]]>
              </value>
            </param>
            <param index="1">
              <value>
                <![CDATA["Account Functionality"]]>
              </value>
            </param>
          </params>
          <reporter-output>
          </reporter-output>
        </test-method> <!-- runScenario -->
        <test-method signature="runScenario(io.cucumber.testng.PickleWrapper,io.cucumber.testng.FeatureWrapper)[pri:0, instance:com.runnerClass.TestNGRunnerTest@75d4a5c2]" started-at="2023-01-24T12:58:05 IST" name="runScenario" description="Runs Cucumber Scenarios" data-provider="scenarios" finished-at="2023-01-24T12:58:16 IST" duration-ms="10379" status="PASS">
          <params>
            <param index="0">
              <value>
                <![CDATA["Login into the account"]]>
              </value>
            </param>
            <param index="1">
              <value>
                <![CDATA["Account Functionality"]]>
              </value>
            </param>
          </params>
          <reporter-output>
          </reporter-output>
        </test-method> <!-- runScenario -->
        <test-method signature="runScenario(io.cucumber.testng.PickleWrapper,io.cucumber.testng.FeatureWrapper)[pri:0, instance:com.runnerClass.TestNGRunnerTest@75d4a5c2]" started-at="2023-01-24T12:58:16 IST" name="runScenario" description="Runs Cucumber Scenarios" data-provider="scenarios" finished-at="2023-01-24T12:58:30 IST" duration-ms="14029" status="PASS">
          <params>
            <param index="0">
              <value>
                <![CDATA["Login into the account"]]>
              </value>
            </param>
            <param index="1">
              <value>
                <![CDATA["Biling account fuctionality"]]>
              </value>
            </param>
          </params>
          <reporter-output>
          </reporter-output>
        </test-method> <!-- runScenario -->
        <test-method signature="runScenario(io.cucumber.testng.PickleWrapper,io.cucumber.testng.FeatureWrapper)[pri:0, instance:com.runnerClass.TestNGRunnerTest@75d4a5c2]" started-at="2023-01-24T12:58:30 IST" name="runScenario" description="Runs Cucumber Scenarios" data-provider="scenarios" finished-at="2023-01-24T12:58:47 IST" duration-ms="17522" status="PASS">
          <params>
            <param index="0">
              <value>
                <![CDATA["Use Cash on delivery to place the order"]]>
              </value>
            </param>
            <param index="1">
              <value>
                <![CDATA["Place an order"]]>
              </value>
            </param>
          </params>
          <reporter-output>
          </reporter-output>
        </test-method> <!-- runScenario -->
        <test-method is-config="true" signature="tearDownClass()[pri:0, instance:com.runnerClass.TestNGRunnerTest@75d4a5c2]" started-at="2023-01-24T12:58:47 IST" name="tearDownClass" finished-at="2023-01-24T12:58:47 IST" duration-ms="126" status="PASS">
          <reporter-output>
          </reporter-output>
        </test-method> <!-- tearDownClass -->
      </class> <!-- com.runnerClass.TestNGRunnerTest -->
    </test> <!-- Default test -->
  </suite> <!-- Default suite -->
</testng-results>
